2025-09-30T16:35:38.632Z - No recent interrupted sessions found
2025-09-30T16:35:39.644Z - No recent interrupted sessions found
2025-09-30T16:40:44.807Z - No recent interrupted sessions found
2025-09-30T16:40:45.819Z - No recent interrupted sessions found
2025-09-30T19:03:54.096Z - No recent interrupted sessions found
2025-09-30T19:03:55.104Z - No recent interrupted sessions found
2025-09-30T19:56:33.912Z - No recent interrupted sessions found
2025-09-30T19:56:34.921Z - No recent interrupted sessions found
2025-09-30T20:02:54.168Z - No recent interrupted sessions found
2025-09-30T20:02:55.176Z - No recent interrupted sessions found
2025-09-30T20:58:33.652Z - No recent interrupted sessions found
2025-09-30T20:58:34.668Z - No recent interrupted sessions found
2025-09-30T21:52:38.206Z - No recent interrupted sessions found
2025-09-30T21:52:39.220Z - No recent interrupted sessions found
2025-10-01T11:08:38.674Z - Failed to restore session setup-mg7vvafi-apr9q1: No restoration handler registered for session type: generic
2025-10-01T11:08:38.936Z - Failed to restore session setup-mg7vvams-r3cnzu: No restoration handler registered for session type: generic
2025-10-01T11:08:38.936Z - Failed to restore session setup-mg7vvafi-apr9q1: No checkpoints found for session setup-mg7vvafi-apr9q1
2025-10-01T11:08:39.205Z - Failed to restore session setup-mg7vvau2-ilbg4a: No restoration handler registered for session type: generic
2025-10-01T11:08:39.205Z - Failed to restore session setup-mg7vvams-r3cnzu: No checkpoints found for session setup-mg7vvams-r3cnzu
2025-10-01T11:08:39.205Z - Failed to restore session setup-mg7vvafi-apr9q1: No checkpoints found for session setup-mg7vvafi-apr9q1
2025-10-02T11:01:49.954Z - Failed to restore session install-mg7w4ww1-eo5jj6: No checkpoints found for session install-mg7w4ww1-eo5jj6
2025-10-02T11:01:49.957Z - Failed to restore session setup-mg7vvau2-ilbg4a: No checkpoints found for session setup-mg7vvau2-ilbg4a
2025-10-02T11:01:49.961Z - Failed to restore session setup-mg7vvams-r3cnzu: No checkpoints found for session setup-mg7vvams-r3cnzu
2025-10-02T11:01:49.964Z - Failed to restore session setup-mg7vvafi-apr9q1: No checkpoints found for session setup-mg7vvafi-apr9q1
2025-10-02T11:01:50.958Z - Failed to restore session install-mg7w4ww1-eo5jj6: No checkpoints found for session install-mg7w4ww1-eo5jj6
2025-10-02T11:01:50.958Z - Failed to restore session setup-mg7vvau2-ilbg4a: No checkpoints found for session setup-mg7vvau2-ilbg4a
2025-10-02T11:01:50.960Z - Failed to restore session setup-mg7vvams-r3cnzu: No checkpoints found for session setup-mg7vvams-r3cnzu
2025-10-02T11:01:50.961Z - Failed to restore session setup-mg7vvafi-apr9q1: No checkpoints found for session setup-mg7vvafi-apr9q1
2025-10-02T12:20:41.463Z - No recent interrupted sessions found
2025-10-02T12:20:42.465Z - No recent interrupted sessions found
2025-10-02T18:05:56.993Z - Failed to restore session install-mg9q7sov-rzdpfy: No restoration handler registered for session type: generic
2025-10-02T18:06:12.567Z - Failed to restore session setup-mg9q84sq-hsdsp6: No restoration handler registered for session type: generic
2025-10-02T18:06:12.567Z - Failed to restore session install-mg9q7sov-rzdpfy: No checkpoints found for session install-mg9q7sov-rzdpfy
2025-10-02T18:14:59.477Z - Failed to restore session install-mg9qjf9y-a1fjkh: No restoration handler registered for session type: generic
2025-10-02T18:14:59.477Z - Failed to restore session setup-mg9q84sq-hsdsp6: No checkpoints found for session setup-mg9q84sq-hsdsp6
2025-10-02T18:14:59.477Z - Failed to restore session install-mg9q7sov-rzdpfy: No checkpoints found for session install-mg9q7sov-rzdpfy
2025-10-02T18:15:15.365Z - Failed to restore session setup-mg9qjrmi-2iaxgb: No restoration handler registered for session type: generic
2025-10-02T18:15:15.365Z - Failed to restore session install-mg9qjf9y-a1fjkh: No checkpoints found for session install-mg9qjf9y-a1fjkh
2025-10-02T18:15:15.366Z - Failed to restore session setup-mg9q84sq-hsdsp6: No checkpoints found for session setup-mg9q84sq-hsdsp6
2025-10-02T18:15:15.366Z - Failed to restore session install-mg9q7sov-rzdpfy: No checkpoints found for session install-mg9q7sov-rzdpfy
2025-10-02T18:20:00.825Z - Failed to restore session setup-mg9qjrmi-2iaxgb: No checkpoints found for session setup-mg9qjrmi-2iaxgb
2025-10-02T18:20:00.827Z - Failed to restore session install-mg9qjf9y-a1fjkh: No checkpoints found for session install-mg9qjf9y-a1fjkh
2025-10-02T18:20:00.831Z - Failed to restore session setup-mg9q84sq-hsdsp6: No checkpoints found for session setup-mg9q84sq-hsdsp6
2025-10-02T18:20:00.834Z - Failed to restore session install-mg9q7sov-rzdpfy: No checkpoints found for session install-mg9q7sov-rzdpfy
2025-10-02T18:20:01.831Z - Failed to restore session setup-mg9qjrmi-2iaxgb: No checkpoints found for session setup-mg9qjrmi-2iaxgb
2025-10-02T18:20:01.831Z - Failed to restore session install-mg9qjf9y-a1fjkh: No checkpoints found for session install-mg9qjf9y-a1fjkh
2025-10-02T18:20:01.833Z - Failed to restore session setup-mg9q84sq-hsdsp6: No checkpoints found for session setup-mg9q84sq-hsdsp6
2025-10-02T18:20:01.834Z - Failed to restore session install-mg9q7sov-rzdpfy: No checkpoints found for session install-mg9q7sov-rzdpfy
2025-10-02T18:32:21.076Z - Failed to restore session install-mg9r5qz4-nuh9ft: No restoration handler registered for session type: generic
2025-10-02T18:32:21.076Z - Failed to restore session setup-mg9qjrmi-2iaxgb: No checkpoints found for session setup-mg9qjrmi-2iaxgb
2025-10-02T18:32:21.076Z - Failed to restore session install-mg9qjf9y-a1fjkh: No checkpoints found for session install-mg9qjf9y-a1fjkh
2025-10-02T18:32:21.076Z - Failed to restore session setup-mg9q84sq-hsdsp6: No checkpoints found for session setup-mg9q84sq-hsdsp6
2025-10-02T18:32:21.076Z - Failed to restore session install-mg9q7sov-rzdpfy: No checkpoints found for session install-mg9q7sov-rzdpfy
2025-10-02T18:32:36.699Z - Failed to restore session setup-mg9r634a-qqsu9l: No restoration handler registered for session type: generic
2025-10-02T18:32:36.700Z - Failed to restore session install-mg9r5qz4-nuh9ft: No checkpoints found for session install-mg9r5qz4-nuh9ft
2025-10-02T18:32:36.700Z - Failed to restore session setup-mg9qjrmi-2iaxgb: No checkpoints found for session setup-mg9qjrmi-2iaxgb
2025-10-02T18:32:36.700Z - Failed to restore session install-mg9qjf9y-a1fjkh: No checkpoints found for session install-mg9qjf9y-a1fjkh
2025-10-02T18:32:36.700Z - Failed to restore session setup-mg9q84sq-hsdsp6: No checkpoints found for session setup-mg9q84sq-hsdsp6
2025-10-02T18:32:36.700Z - Failed to restore session install-mg9q7sov-rzdpfy: No checkpoints found for session install-mg9q7sov-rzdpfy
2025-10-02T19:03:02.311Z - Failed to restore session setup-mg9r634a-qqsu9l: No checkpoints found for session setup-mg9r634a-qqsu9l
2025-10-02T19:03:02.313Z - Failed to restore session install-mg9r5qz4-nuh9ft: No checkpoints found for session install-mg9r5qz4-nuh9ft
2025-10-02T19:03:02.316Z - Failed to restore session setup-mg9qjrmi-2iaxgb: No checkpoints found for session setup-mg9qjrmi-2iaxgb
2025-10-02T19:03:02.317Z - Failed to restore session install-mg9qjf9y-a1fjkh: No checkpoints found for session install-mg9qjf9y-a1fjkh
2025-10-02T19:03:02.319Z - Failed to restore session setup-mg9q84sq-hsdsp6: No checkpoints found for session setup-mg9q84sq-hsdsp6
2025-10-02T19:03:02.320Z - Failed to restore session install-mg9q7sov-rzdpfy: No checkpoints found for session install-mg9q7sov-rzdpfy
2025-10-02T19:03:03.317Z - Failed to restore session setup-mg9r634a-qqsu9l: No checkpoints found for session setup-mg9r634a-qqsu9l
2025-10-02T19:03:03.318Z - Failed to restore session install-mg9r5qz4-nuh9ft: No checkpoints found for session install-mg9r5qz4-nuh9ft
2025-10-02T19:03:03.320Z - Failed to restore session setup-mg9qjrmi-2iaxgb: No checkpoints found for session setup-mg9qjrmi-2iaxgb
2025-10-02T19:03:03.321Z - Failed to restore session install-mg9qjf9y-a1fjkh: No checkpoints found for session install-mg9qjf9y-a1fjkh
2025-10-02T19:03:03.322Z - Failed to restore session setup-mg9q84sq-hsdsp6: No checkpoints found for session setup-mg9q84sq-hsdsp6
2025-10-02T19:03:03.323Z - Failed to restore session install-mg9q7sov-rzdpfy: No checkpoints found for session install-mg9q7sov-rzdpfy
2025-10-02T19:16:57.572Z - Failed to restore session setup-mg9r634a-qqsu9l: No checkpoints found for session setup-mg9r634a-qqsu9l
2025-10-02T19:16:57.574Z - Failed to restore session install-mg9r5qz4-nuh9ft: No checkpoints found for session install-mg9r5qz4-nuh9ft
2025-10-02T19:16:57.577Z - Failed to restore session setup-mg9qjrmi-2iaxgb: No checkpoints found for session setup-mg9qjrmi-2iaxgb
2025-10-02T19:16:57.578Z - Failed to restore session install-mg9qjf9y-a1fjkh: No checkpoints found for session install-mg9qjf9y-a1fjkh
2025-10-02T19:16:57.579Z - Failed to restore session setup-mg9q84sq-hsdsp6: No checkpoints found for session setup-mg9q84sq-hsdsp6
2025-10-02T19:16:57.580Z - Failed to restore session install-mg9q7sov-rzdpfy: No checkpoints found for session install-mg9q7sov-rzdpfy
2025-10-02T19:16:58.578Z - Failed to restore session setup-mg9r634a-qqsu9l: No checkpoints found for session setup-mg9r634a-qqsu9l
2025-10-02T19:16:58.578Z - Failed to restore session install-mg9r5qz4-nuh9ft: No checkpoints found for session install-mg9r5qz4-nuh9ft
2025-10-02T19:16:58.580Z - Failed to restore session setup-mg9qjrmi-2iaxgb: No checkpoints found for session setup-mg9qjrmi-2iaxgb
2025-10-02T19:16:58.582Z - Failed to restore session install-mg9qjf9y-a1fjkh: No checkpoints found for session install-mg9qjf9y-a1fjkh
2025-10-02T19:16:58.583Z - Failed to restore session setup-mg9q84sq-hsdsp6: No checkpoints found for session setup-mg9q84sq-hsdsp6
2025-10-02T19:16:58.584Z - Failed to restore session install-mg9q7sov-rzdpfy: No checkpoints found for session install-mg9q7sov-rzdpfy
